2022-04-26 09:07:25.575  INFO 23652 --- [main] com.example.Music.MusicApplication       : Starting MusicApplication using Java 17.0.1 on XPXAAD-PF2GKQLC with PID 23652 (C:\Users\RaymondHarmer\git\MusicSpring\Music\target\classes started by RaymondHarmer in C:\Users\RaymondHarmer\git\MusicSpring\Music)
2022-04-26 09:07:25.583  INFO 23652 --- [main] com.example.Music.MusicApplication       : No active profile set, falling back to 1 default profile: "default"
2022-04-26 09:07:26.175  INFO 23652 --- [main] .s.d.r.c.RepositoryConfigurationDelegate : Bootstrapping Spring Data JPA repositories in DEFAULT mode.
2022-04-26 09:07:26.227  INFO 23652 --- [main] .s.d.r.c.RepositoryConfigurationDelegate : Finished Spring Data repository scanning in 41 ms. Found 1 JPA repository interfaces.
2022-04-26 09:07:26.794  INFO 23652 --- [main] o.s.b.w.embedded.tomcat.TomcatWebServer  : Tomcat initialized with port(s): 8080 (http)
2022-04-26 09:07:26.806  INFO 23652 --- [main] o.apache.catalina.core.StandardService   : Starting service [Tomcat]
2022-04-26 09:07:26.806  INFO 23652 --- [main] org.apache.catalina.core.StandardEngine  : Starting Servlet engine: [Apache Tomcat/9.0.62]
2022-04-26 09:07:26.930  INFO 23652 --- [main] o.a.c.c.C.[Tomcat].[localhost].[/]       : Initializing Spring embedded WebApplicationContext
2022-04-26 09:07:26.930  INFO 23652 --- [main] w.s.c.ServletWebServerApplicationContext : Root WebApplicationContext: initialization completed in 1291 ms
2022-04-26 09:07:27.090  INFO 23652 --- [main] o.hibernate.jpa.internal.util.LogHelper  : HHH000204: Processing PersistenceUnitInfo [name: default]
2022-04-26 09:07:27.189  INFO 23652 --- [main] org.hibernate.Version                    : HHH000412: Hibernate ORM core version 5.6.8.Final
2022-04-26 09:07:27.436  INFO 23652 --- [main] o.hibernate.annotations.common.Version   : HCANN000001: Hibernate Commons Annotations {5.1.2.Final}
2022-04-26 09:07:27.553  INFO 23652 --- [main] com.zaxxer.hikari.HikariDataSource       : HikariPool-1 - Starting...
2022-04-26 09:07:27.562  WARN 23652 --- [main] com.zaxxer.hikari.util.DriverDataSource  : Registered driver with driverClassName=com.mysql.jdbc.Driver was not found, trying direct instantiation.
2022-04-26 09:07:27.972  INFO 23652 --- [main] com.zaxxer.hikari.HikariDataSource       : HikariPool-1 - Start completed.
2022-04-26 09:07:27.995  INFO 23652 --- [main] org.hibernate.dialect.Dialect            : HHH000400: Using dialect: org.hibernate.dialect.MySQL5InnoDBDialect
2022-04-26 09:07:28.559  INFO 23652 --- [main] o.h.e.t.j.p.i.JtaPlatformInitiator       : HHH000490: Using JtaPlatform implementation: [org.hibernate.engine.transaction.jta.platform.internal.NoJtaPlatform]
2022-04-26 09:07:28.568  INFO 23652 --- [main] j.LocalContainerEntityManagerFactoryBean : Initialized JPA EntityManagerFactory for persistence unit 'default'
2022-04-26 09:07:28.843  WARN 23652 --- [main] JpaBaseConfiguration$JpaWebConfiguration : spring.jpa.open-in-view is enabled by default. Therefore, database queries may be performed during view rendering. Explicitly configure spring.jpa.open-in-view to disable this warning
2022-04-26 09:07:29.117  WARN 23652 --- [main] ConfigServletWebServerApplicationContext : Exception encountered during context initialization - cancelling refresh attempt: org.springframework.context.ApplicationContextException: Failed to start bean 'webServerStartStop'; nested exception is org.springframework.boot.web.server.PortInUseException: Port 8080 is already in use
2022-04-26 09:07:29.117  INFO 23652 --- [main] j.LocalContainerEntityManagerFactoryBean : Closing JPA EntityManagerFactory for persistence unit 'default'
2022-04-26 09:07:29.119  INFO 23652 --- [main] com.zaxxer.hikari.HikariDataSource       : HikariPool-1 - Shutdown initiated...
2022-04-26 09:07:29.128  INFO 23652 --- [main] com.zaxxer.hikari.HikariDataSource       : HikariPool-1 - Shutdown completed.
2022-04-26 09:07:29.130  INFO 23652 --- [main] o.apache.catalina.core.StandardService   : Stopping service [Tomcat]
2022-04-26 09:07:29.139  INFO 23652 --- [main] ConditionEvaluationReportLoggingListener : 

Error starting ApplicationContext. To display the conditions report re-run your application with 'debug' enabled.
2022-04-26 09:07:29.157 ERROR 23652 --- [main] o.s.b.d.LoggingFailureAnalysisReporter   : 

***************************
APPLICATION FAILED TO START
***************************

Description:

Web server failed to start. Port 8080 was already in use.

Action:

Identify and stop the process that's listening on port 8080 or configure this application to listen on another port.

2022-04-26 10:25:26.903  INFO 16408 --- [main] com.example.Music.MusicApplication       : Starting MusicApplication using Java 17.0.1 on XPXAAD-PF2GKQLC with PID 16408 (C:\Users\RaymondHarmer\git\MusicSpring\Music\target\classes started by RaymondHarmer in C:\Users\RaymondHarmer\git\MusicSpring\Music)
2022-04-26 10:25:26.905  INFO 16408 --- [main] com.example.Music.MusicApplication       : No active profile set, falling back to 1 default profile: "default"
2022-04-26 10:25:27.319  INFO 16408 --- [main] .s.d.r.c.RepositoryConfigurationDelegate : Bootstrapping Spring Data JPA repositories in DEFAULT mode.
2022-04-26 10:25:27.357  INFO 16408 --- [main] .s.d.r.c.RepositoryConfigurationDelegate : Finished Spring Data repository scanning in 30 ms. Found 1 JPA repository interfaces.
2022-04-26 10:25:27.737  INFO 16408 --- [main] o.s.b.w.embedded.tomcat.TomcatWebServer  : Tomcat initialized with port(s): 8080 (http)
2022-04-26 10:25:27.748  INFO 16408 --- [main] o.apache.catalina.core.StandardService   : Starting service [Tomcat]
2022-04-26 10:25:27.748  INFO 16408 --- [main] org.apache.catalina.core.StandardEngine  : Starting Servlet engine: [Apache Tomcat/9.0.62]
2022-04-26 10:25:27.844  INFO 16408 --- [main] o.a.c.c.C.[Tomcat].[localhost].[/]       : Initializing Spring embedded WebApplicationContext
2022-04-26 10:25:27.844  INFO 16408 --- [main] w.s.c.ServletWebServerApplicationContext : Root WebApplicationContext: initialization completed in 905 ms
2022-04-26 10:25:27.972  INFO 16408 --- [main] o.hibernate.jpa.internal.util.LogHelper  : HHH000204: Processing PersistenceUnitInfo [name: default]
2022-04-26 10:25:28.013  INFO 16408 --- [main] org.hibernate.Version                    : HHH000412: Hibernate ORM core version 5.6.8.Final
2022-04-26 10:25:28.164  INFO 16408 --- [main] o.hibernate.annotations.common.Version   : HCANN000001: Hibernate Commons Annotations {5.1.2.Final}
2022-04-26 10:25:28.260  INFO 16408 --- [main] com.zaxxer.hikari.HikariDataSource       : HikariPool-1 - Starting...
2022-04-26 10:25:28.265  WARN 16408 --- [main] com.zaxxer.hikari.util.DriverDataSource  : Registered driver with driverClassName=com.mysql.jdbc.Driver was not found, trying direct instantiation.
2022-04-26 10:25:28.474  INFO 16408 --- [main] com.zaxxer.hikari.HikariDataSource       : HikariPool-1 - Start completed.
2022-04-26 10:25:28.486  INFO 16408 --- [main] org.hibernate.dialect.Dialect            : HHH000400: Using dialect: org.hibernate.dialect.MySQL5InnoDBDialect
2022-04-26 10:25:28.892  INFO 16408 --- [main] o.h.e.t.j.p.i.JtaPlatformInitiator       : HHH000490: Using JtaPlatform implementation: [org.hibernate.engine.transaction.jta.platform.internal.NoJtaPlatform]
2022-04-26 10:25:28.898  INFO 16408 --- [main] j.LocalContainerEntityManagerFactoryBean : Initialized JPA EntityManagerFactory for persistence unit 'default'
2022-04-26 10:25:29.085  WARN 16408 --- [main] JpaBaseConfiguration$JpaWebConfiguration : spring.jpa.open-in-view is enabled by default. Therefore, database queries may be performed during view rendering. Explicitly configure spring.jpa.open-in-view to disable this warning
2022-04-26 10:25:29.298  INFO 16408 --- [main] o.s.b.w.embedded.tomcat.TomcatWebServer  : Tomcat started on port(s): 8080 (http) with context path ''
2022-04-26 10:25:29.305  INFO 16408 --- [main] com.example.Music.MusicApplication       : Started MusicApplication in 2.674 seconds (JVM running for 2.973)
2022-04-26 10:26:27.503  INFO 16408 --- [http-nio-8080-exec-2] o.a.c.c.C.[Tomcat].[localhost].[/]       : Initializing Spring DispatcherServlet 'dispatcherServlet'
2022-04-26 10:26:27.504  INFO 16408 --- [http-nio-8080-exec-2] o.s.web.servlet.DispatcherServlet        : Initializing Servlet 'dispatcherServlet'
2022-04-26 10:26:27.505  INFO 16408 --- [http-nio-8080-exec-2] o.s.web.servlet.DispatcherServlet        : Completed initialization in 1 ms
2022-04-26 10:44:55.155  WARN 16408 --- [http-nio-8080-exec-7] .w.s.m.s.DefaultHandlerExceptionResolver : Resolved [org.springframework.web.HttpRequestMethodNotSupportedException: Request method 'GET' not supported]
2022-04-26 12:58:36.814  INFO 21948 --- [main] com.example.Music.MusicApplication       : Starting MusicApplication using Java 17.0.1 on XPXAAD-PF2GKQLC with PID 21948 (C:\Users\RaymondHarmer\git\MusicSpring\Music\target\classes started by RaymondHarmer in C:\Users\RaymondHarmer\git\MusicSpring\Music)
2022-04-26 12:58:36.816  INFO 21948 --- [main] com.example.Music.MusicApplication       : No active profile set, falling back to 1 default profile: "default"
2022-04-26 12:58:37.177  INFO 21948 --- [main] .s.d.r.c.RepositoryConfigurationDelegate : Bootstrapping Spring Data JPA repositories in DEFAULT mode.
2022-04-26 12:58:37.211  INFO 21948 --- [main] .s.d.r.c.RepositoryConfigurationDelegate : Finished Spring Data repository scanning in 27 ms. Found 1 JPA repository interfaces.
2022-04-26 12:58:37.542  INFO 21948 --- [main] o.s.b.w.embedded.tomcat.TomcatWebServer  : Tomcat initialized with port(s): 8080 (http)
2022-04-26 12:58:37.548  INFO 21948 --- [main] o.apache.catalina.core.StandardService   : Starting service [Tomcat]
2022-04-26 12:58:37.549  INFO 21948 --- [main] org.apache.catalina.core.StandardEngine  : Starting Servlet engine: [Apache Tomcat/9.0.62]
2022-04-26 12:58:37.636  INFO 21948 --- [main] o.a.c.c.C.[Tomcat].[localhost].[/]       : Initializing Spring embedded WebApplicationContext
2022-04-26 12:58:37.636  INFO 21948 --- [main] w.s.c.ServletWebServerApplicationContext : Root WebApplicationContext: initialization completed in 784 ms
2022-04-26 12:58:37.740  INFO 21948 --- [main] o.hibernate.jpa.internal.util.LogHelper  : HHH000204: Processing PersistenceUnitInfo [name: default]
2022-04-26 12:58:37.772  INFO 21948 --- [main] org.hibernate.Version                    : HHH000412: Hibernate ORM core version 5.6.8.Final
2022-04-26 12:58:37.872  INFO 21948 --- [main] o.hibernate.annotations.common.Version   : HCANN000001: Hibernate Commons Annotations {5.1.2.Final}
2022-04-26 12:58:37.934  INFO 21948 --- [main] com.zaxxer.hikari.HikariDataSource       : HikariPool-1 - Starting...
2022-04-26 12:58:37.937  WARN 21948 --- [main] com.zaxxer.hikari.util.DriverDataSource  : Registered driver with driverClassName=com.mysql.jdbc.Driver was not found, trying direct instantiation.
2022-04-26 12:58:38.131  INFO 21948 --- [main] com.zaxxer.hikari.HikariDataSource       : HikariPool-1 - Start completed.
2022-04-26 12:58:38.142  INFO 21948 --- [main] org.hibernate.dialect.Dialect            : HHH000400: Using dialect: org.hibernate.dialect.MySQL5InnoDBDialect
2022-04-26 12:58:38.514  INFO 21948 --- [main] o.h.e.t.j.p.i.JtaPlatformInitiator       : HHH000490: Using JtaPlatform implementation: [org.hibernate.engine.transaction.jta.platform.internal.NoJtaPlatform]
2022-04-26 12:58:38.519  INFO 21948 --- [main] j.LocalContainerEntityManagerFactoryBean : Initialized JPA EntityManagerFactory for persistence unit 'default'
2022-04-26 12:58:38.668  WARN 21948 --- [main] JpaBaseConfiguration$JpaWebConfiguration : spring.jpa.open-in-view is enabled by default. Therefore, database queries may be performed during view rendering. Explicitly configure spring.jpa.open-in-view to disable this warning
2022-04-26 12:58:38.836  WARN 21948 --- [main] ConfigServletWebServerApplicationContext : Exception encountered during context initialization - cancelling refresh attempt: org.springframework.context.ApplicationContextException: Failed to start bean 'webServerStartStop'; nested exception is org.springframework.boot.web.server.PortInUseException: Port 8080 is already in use
2022-04-26 12:58:38.837  INFO 21948 --- [main] j.LocalContainerEntityManagerFactoryBean : Closing JPA EntityManagerFactory for persistence unit 'default'
2022-04-26 12:58:38.838  INFO 21948 --- [main] com.zaxxer.hikari.HikariDataSource       : HikariPool-1 - Shutdown initiated...
2022-04-26 12:58:38.844  INFO 21948 --- [main] com.zaxxer.hikari.HikariDataSource       : HikariPool-1 - Shutdown completed.
2022-04-26 12:58:38.845  INFO 21948 --- [main] o.apache.catalina.core.StandardService   : Stopping service [Tomcat]
2022-04-26 12:58:38.851  INFO 21948 --- [main] ConditionEvaluationReportLoggingListener : 

Error starting ApplicationContext. To display the conditions report re-run your application with 'debug' enabled.
2022-04-26 12:58:38.863 ERROR 21948 --- [main] o.s.b.d.LoggingFailureAnalysisReporter   : 

***************************
APPLICATION FAILED TO START
***************************

Description:

Web server failed to start. Port 8080 was already in use.

Action:

Identify and stop the process that's listening on port 8080 or configure this application to listen on another port.

2022-04-26 12:58:50.816  INFO 22588 --- [main] com.example.Music.MusicApplication       : Starting MusicApplication using Java 17.0.1 on XPXAAD-PF2GKQLC with PID 22588 (C:\Users\RaymondHarmer\git\MusicSpring\Music\target\classes started by RaymondHarmer in C:\Users\RaymondHarmer\git\MusicSpring\Music)
2022-04-26 12:58:50.818  INFO 22588 --- [main] com.example.Music.MusicApplication       : No active profile set, falling back to 1 default profile: "default"
2022-04-26 12:58:51.171  INFO 22588 --- [main] .s.d.r.c.RepositoryConfigurationDelegate : Bootstrapping Spring Data JPA repositories in DEFAULT mode.
2022-04-26 12:58:51.205  INFO 22588 --- [main] .s.d.r.c.RepositoryConfigurationDelegate : Finished Spring Data repository scanning in 28 ms. Found 1 JPA repository interfaces.
2022-04-26 12:58:51.534  INFO 22588 --- [main] o.s.b.w.embedded.tomcat.TomcatWebServer  : Tomcat initialized with port(s): 8080 (http)
2022-04-26 12:58:51.540  INFO 22588 --- [main] o.apache.catalina.core.StandardService   : Starting service [Tomcat]
2022-04-26 12:58:51.540  INFO 22588 --- [main] org.apache.catalina.core.StandardEngine  : Starting Servlet engine: [Apache Tomcat/9.0.62]
2022-04-26 12:58:51.626  INFO 22588 --- [main] o.a.c.c.C.[Tomcat].[localhost].[/]       : Initializing Spring embedded WebApplicationContext
2022-04-26 12:58:51.626  INFO 22588 --- [main] w.s.c.ServletWebServerApplicationContext : Root WebApplicationContext: initialization completed in 777 ms
2022-04-26 12:58:51.733  INFO 22588 --- [main] o.hibernate.jpa.internal.util.LogHelper  : HHH000204: Processing PersistenceUnitInfo [name: default]
2022-04-26 12:58:51.764  INFO 22588 --- [main] org.hibernate.Version                    : HHH000412: Hibernate ORM core version 5.6.8.Final
2022-04-26 12:58:51.860  INFO 22588 --- [main] o.hibernate.annotations.common.Version   : HCANN000001: Hibernate Commons Annotations {5.1.2.Final}
2022-04-26 12:58:51.920  INFO 22588 --- [main] com.zaxxer.hikari.HikariDataSource       : HikariPool-1 - Starting...
2022-04-26 12:58:51.924  WARN 22588 --- [main] com.zaxxer.hikari.util.DriverDataSource  : Registered driver with driverClassName=com.mysql.jdbc.Driver was not found, trying direct instantiation.
2022-04-26 12:58:52.119  INFO 22588 --- [main] com.zaxxer.hikari.HikariDataSource       : HikariPool-1 - Start completed.
2022-04-26 12:58:52.128  INFO 22588 --- [main] org.hibernate.dialect.Dialect            : HHH000400: Using dialect: org.hibernate.dialect.MySQL5InnoDBDialect
2022-04-26 12:58:52.487  INFO 22588 --- [main] o.h.e.t.j.p.i.JtaPlatformInitiator       : HHH000490: Using JtaPlatform implementation: [org.hibernate.engine.transaction.jta.platform.internal.NoJtaPlatform]
2022-04-26 12:58:52.492  INFO 22588 --- [main] j.LocalContainerEntityManagerFactoryBean : Initialized JPA EntityManagerFactory for persistence unit 'default'
2022-04-26 12:58:52.644  WARN 22588 --- [main] JpaBaseConfiguration$JpaWebConfiguration : spring.jpa.open-in-view is enabled by default. Therefore, database queries may be performed during view rendering. Explicitly configure spring.jpa.open-in-view to disable this warning
2022-04-26 12:58:52.833  INFO 22588 --- [main] o.s.b.w.embedded.tomcat.TomcatWebServer  : Tomcat started on port(s): 8080 (http) with context path ''
2022-04-26 12:58:52.839  INFO 22588 --- [main] com.example.Music.MusicApplication       : Started MusicApplication in 2.292 seconds (JVM running for 2.59)
2022-04-26 13:01:14.210  INFO 25912 --- [main] com.example.Music.MusicApplicationTests  : Starting MusicApplicationTests using Java 17.0.1 on XPXAAD-PF2GKQLC with PID 25912 (started by RaymondHarmer in C:\Users\RaymondHarmer\git\MusicSpring\Music)
2022-04-26 13:01:14.211  INFO 25912 --- [main] com.example.Music.MusicApplicationTests  : No active profile set, falling back to 1 default profile: "default"
2022-04-26 13:01:14.660  INFO 25912 --- [main] .s.d.r.c.RepositoryConfigurationDelegate : Bootstrapping Spring Data JPA repositories in DEFAULT mode.
2022-04-26 13:01:14.696  INFO 25912 --- [main] .s.d.r.c.RepositoryConfigurationDelegate : Finished Spring Data repository scanning in 31 ms. Found 1 JPA repository interfaces.
2022-04-26 13:01:15.110  INFO 25912 --- [main] o.hibernate.jpa.internal.util.LogHelper  : HHH000204: Processing PersistenceUnitInfo [name: default]
2022-04-26 13:01:15.149  INFO 25912 --- [main] org.hibernate.Version                    : HHH000412: Hibernate ORM core version 5.6.8.Final
2022-04-26 13:01:15.276  INFO 25912 --- [main] o.hibernate.annotations.common.Version   : HCANN000001: Hibernate Commons Annotations {5.1.2.Final}
2022-04-26 13:01:15.413  INFO 25912 --- [main] com.zaxxer.hikari.HikariDataSource       : HikariPool-1 - Starting...
2022-04-26 13:01:15.418  WARN 25912 --- [main] com.zaxxer.hikari.util.DriverDataSource  : Registered driver with driverClassName=com.mysql.jdbc.Driver was not found, trying direct instantiation.
2022-04-26 13:01:15.679  INFO 25912 --- [main] com.zaxxer.hikari.HikariDataSource       : HikariPool-1 - Start completed.
2022-04-26 13:01:15.690  INFO 25912 --- [main] org.hibernate.dialect.Dialect            : HHH000400: Using dialect: org.hibernate.dialect.MySQL5InnoDBDialect
2022-04-26 13:01:16.158  INFO 25912 --- [main] o.h.e.t.j.p.i.JtaPlatformInitiator       : HHH000490: Using JtaPlatform implementation: [org.hibernate.engine.transaction.jta.platform.internal.NoJtaPlatform]
2022-04-26 13:01:16.165  INFO 25912 --- [main] j.LocalContainerEntityManagerFactoryBean : Initialized JPA EntityManagerFactory for persistence unit 'default'
2022-04-26 13:01:16.551  WARN 25912 --- [main] JpaBaseConfiguration$JpaWebConfiguration : spring.jpa.open-in-view is enabled by default. Therefore, database queries may be performed during view rendering. Explicitly configure spring.jpa.open-in-view to disable this warning
2022-04-26 13:01:17.044  INFO 25912 --- [main] com.example.Music.MusicApplicationTests  : Started MusicApplicationTests in 3.097 seconds (JVM running for 3.833)
2022-04-26 13:01:17.315  INFO 25912 --- [SpringApplicationShutdownHook] j.LocalContainerEntityManagerFactoryBean : Closing JPA EntityManagerFactory for persistence unit 'default'
2022-04-26 13:01:17.318  INFO 25912 --- [SpringApplicationShutdownHook] com.zaxxer.hikari.HikariDataSource       : HikariPool-1 - Shutdown initiated...
2022-04-26 13:01:17.325  INFO 25912 --- [SpringApplicationShutdownHook] com.zaxxer.hikari.HikariDataSource       : HikariPool-1 - Shutdown completed.
2022-04-26 13:27:12.772  INFO 22936 --- [main] com.example.Music.MusicApplicationTests  : Starting MusicApplicationTests using Java 17.0.1 on XPXAAD-PF2GKQLC with PID 22936 (started by RaymondHarmer in C:\Users\RaymondHarmer\git\MusicSpring\Music)
2022-04-26 13:27:12.774  INFO 22936 --- [main] com.example.Music.MusicApplicationTests  : No active profile set, falling back to 1 default profile: "default"
2022-04-26 13:27:13.195  INFO 22936 --- [main] .s.d.r.c.RepositoryConfigurationDelegate : Bootstrapping Spring Data JPA repositories in DEFAULT mode.
2022-04-26 13:27:13.236  INFO 22936 --- [main] .s.d.r.c.RepositoryConfigurationDelegate : Finished Spring Data repository scanning in 34 ms. Found 1 JPA repository interfaces.
2022-04-26 13:27:13.665  INFO 22936 --- [main] o.hibernate.jpa.internal.util.LogHelper  : HHH000204: Processing PersistenceUnitInfo [name: default]
2022-04-26 13:27:13.709  INFO 22936 --- [main] org.hibernate.Version                    : HHH000412: Hibernate ORM core version 5.6.8.Final
2022-04-26 13:27:13.842  INFO 22936 --- [main] o.hibernate.annotations.common.Version   : HCANN000001: Hibernate Commons Annotations {5.1.2.Final}
2022-04-26 13:27:13.972  INFO 22936 --- [main] com.zaxxer.hikari.HikariDataSource       : HikariPool-1 - Starting...
2022-04-26 13:27:13.976  WARN 22936 --- [main] com.zaxxer.hikari.util.DriverDataSource  : Registered driver with driverClassName=com.mysql.jdbc.Driver was not found, trying direct instantiation.
2022-04-26 13:27:14.237  INFO 22936 --- [main] com.zaxxer.hikari.HikariDataSource       : HikariPool-1 - Start completed.
2022-04-26 13:27:14.248  INFO 22936 --- [main] org.hibernate.dialect.Dialect            : HHH000400: Using dialect: org.hibernate.dialect.MySQL5InnoDBDialect
2022-04-26 13:27:14.798  INFO 22936 --- [main] o.h.e.t.j.p.i.JtaPlatformInitiator       : HHH000490: Using JtaPlatform implementation: [org.hibernate.engine.transaction.jta.platform.internal.NoJtaPlatform]
2022-04-26 13:27:14.805  INFO 22936 --- [main] j.LocalContainerEntityManagerFactoryBean : Initialized JPA EntityManagerFactory for persistence unit 'default'
2022-04-26 13:27:15.204  WARN 22936 --- [main] JpaBaseConfiguration$JpaWebConfiguration : spring.jpa.open-in-view is enabled by default. Therefore, database queries may be performed during view rendering. Explicitly configure spring.jpa.open-in-view to disable this warning
2022-04-26 13:27:15.728  INFO 22936 --- [main] com.example.Music.MusicApplicationTests  : Started MusicApplicationTests in 3.188 seconds (JVM running for 3.936)
2022-04-26 13:27:16.071  INFO 22936 --- [SpringApplicationShutdownHook] j.LocalContainerEntityManagerFactoryBean : Closing JPA EntityManagerFactory for persistence unit 'default'
2022-04-26 13:27:16.073  INFO 22936 --- [SpringApplicationShutdownHook] com.zaxxer.hikari.HikariDataSource       : HikariPool-1 - Shutdown initiated...
2022-04-26 13:27:16.081  INFO 22936 --- [SpringApplicationShutdownHook] com.zaxxer.hikari.HikariDataSource       : HikariPool-1 - Shutdown completed.
2022-04-26 13:33:16.859  INFO 8092 --- [main] com.example.Music.MusicApplicationTests  : Starting MusicApplicationTests using Java 17.0.1 on XPXAAD-PF2GKQLC with PID 8092 (started by RaymondHarmer in C:\Users\RaymondHarmer\git\MusicSpring\Music)
2022-04-26 13:33:16.860  INFO 8092 --- [main] com.example.Music.MusicApplicationTests  : No active profile set, falling back to 1 default profile: "default"
2022-04-26 13:33:17.306  INFO 8092 --- [main] .s.d.r.c.RepositoryConfigurationDelegate : Bootstrapping Spring Data JPA repositories in DEFAULT mode.
2022-04-26 13:33:17.343  INFO 8092 --- [main] .s.d.r.c.RepositoryConfigurationDelegate : Finished Spring Data repository scanning in 31 ms. Found 1 JPA repository interfaces.
2022-04-26 13:33:17.747  INFO 8092 --- [main] o.hibernate.jpa.internal.util.LogHelper  : HHH000204: Processing PersistenceUnitInfo [name: default]
2022-04-26 13:33:17.793  INFO 8092 --- [main] org.hibernate.Version                    : HHH000412: Hibernate ORM core version 5.6.8.Final
2022-04-26 13:33:17.917  INFO 8092 --- [main] o.hibernate.annotations.common.Version   : HCANN000001: Hibernate Commons Annotations {5.1.2.Final}
2022-04-26 13:33:18.055  INFO 8092 --- [main] com.zaxxer.hikari.HikariDataSource       : HikariPool-1 - Starting...
2022-04-26 13:33:18.061  WARN 8092 --- [main] com.zaxxer.hikari.util.DriverDataSource  : Registered driver with driverClassName=com.mysql.jdbc.Driver was not found, trying direct instantiation.
2022-04-26 13:33:18.326  INFO 8092 --- [main] com.zaxxer.hikari.HikariDataSource       : HikariPool-1 - Start completed.
2022-04-26 13:33:18.337  INFO 8092 --- [main] org.hibernate.dialect.Dialect            : HHH000400: Using dialect: org.hibernate.dialect.MySQL5InnoDBDialect
2022-04-26 13:33:18.821  INFO 8092 --- [main] o.h.e.t.j.p.i.JtaPlatformInitiator       : HHH000490: Using JtaPlatform implementation: [org.hibernate.engine.transaction.jta.platform.internal.NoJtaPlatform]
2022-04-26 13:33:18.827  INFO 8092 --- [main] j.LocalContainerEntityManagerFactoryBean : Initialized JPA EntityManagerFactory for persistence unit 'default'
2022-04-26 13:33:19.227  WARN 8092 --- [main] JpaBaseConfiguration$JpaWebConfiguration : spring.jpa.open-in-view is enabled by default. Therefore, database queries may be performed during view rendering. Explicitly configure spring.jpa.open-in-view to disable this warning
2022-04-26 13:33:19.705  INFO 8092 --- [main] com.example.Music.MusicApplicationTests  : Started MusicApplicationTests in 3.086 seconds (JVM running for 3.831)
2022-04-26 13:33:20.030  INFO 8092 --- [SpringApplicationShutdownHook] j.LocalContainerEntityManagerFactoryBean : Closing JPA EntityManagerFactory for persistence unit 'default'
2022-04-26 13:33:20.032  INFO 8092 --- [SpringApplicationShutdownHook] com.zaxxer.hikari.HikariDataSource       : HikariPool-1 - Shutdown initiated...
2022-04-26 13:33:20.039  INFO 8092 --- [SpringApplicationShutdownHook] com.zaxxer.hikari.HikariDataSource       : HikariPool-1 - Shutdown completed.
2022-04-26 13:33:41.505  INFO 8180 --- [main] com.example.Music.MusicApplicationTests  : Starting MusicApplicationTests using Java 17.0.1 on XPXAAD-PF2GKQLC with PID 8180 (started by RaymondHarmer in C:\Users\RaymondHarmer\git\MusicSpring\Music)
2022-04-26 13:33:41.507  INFO 8180 --- [main] com.example.Music.MusicApplicationTests  : No active profile set, falling back to 1 default profile: "default"
2022-04-26 13:33:41.939  INFO 8180 --- [main] .s.d.r.c.RepositoryConfigurationDelegate : Bootstrapping Spring Data JPA repositories in DEFAULT mode.
2022-04-26 13:33:41.981  INFO 8180 --- [main] .s.d.r.c.RepositoryConfigurationDelegate : Finished Spring Data repository scanning in 35 ms. Found 1 JPA repository interfaces.
2022-04-26 13:33:42.383  INFO 8180 --- [main] o.hibernate.jpa.internal.util.LogHelper  : HHH000204: Processing PersistenceUnitInfo [name: default]
2022-04-26 13:33:42.426  INFO 8180 --- [main] org.hibernate.Version                    : HHH000412: Hibernate ORM core version 5.6.8.Final
2022-04-26 13:33:42.546  INFO 8180 --- [main] o.hibernate.annotations.common.Version   : HCANN000001: Hibernate Commons Annotations {5.1.2.Final}
2022-04-26 13:33:42.686  INFO 8180 --- [main] com.zaxxer.hikari.HikariDataSource       : HikariPool-1 - Starting...
2022-04-26 13:33:42.690  WARN 8180 --- [main] com.zaxxer.hikari.util.DriverDataSource  : Registered driver with driverClassName=com.mysql.jdbc.Driver was not found, trying direct instantiation.
2022-04-26 13:33:42.958  INFO 8180 --- [main] com.zaxxer.hikari.HikariDataSource       : HikariPool-1 - Start completed.
2022-04-26 13:33:42.968  INFO 8180 --- [main] org.hibernate.dialect.Dialect            : HHH000400: Using dialect: org.hibernate.dialect.MySQL5InnoDBDialect
2022-04-26 13:33:43.438  INFO 8180 --- [main] o.h.e.t.j.p.i.JtaPlatformInitiator       : HHH000490: Using JtaPlatform implementation: [org.hibernate.engine.transaction.jta.platform.internal.NoJtaPlatform]
2022-04-26 13:33:43.445  INFO 8180 --- [main] j.LocalContainerEntityManagerFactoryBean : Initialized JPA EntityManagerFactory for persistence unit 'default'
2022-04-26 13:33:43.841  WARN 8180 --- [main] JpaBaseConfiguration$JpaWebConfiguration : spring.jpa.open-in-view is enabled by default. Therefore, database queries may be performed during view rendering. Explicitly configure spring.jpa.open-in-view to disable this warning
2022-04-26 13:33:44.322  INFO 8180 --- [main] com.example.Music.MusicApplicationTests  : Started MusicApplicationTests in 3.073 seconds (JVM running for 3.843)
2022-04-26 13:33:44.639  INFO 8180 --- [SpringApplicationShutdownHook] j.LocalContainerEntityManagerFactoryBean : Closing JPA EntityManagerFactory for persistence unit 'default'
2022-04-26 13:33:44.641  INFO 8180 --- [SpringApplicationShutdownHook] com.zaxxer.hikari.HikariDataSource       : HikariPool-1 - Shutdown initiated...
2022-04-26 13:33:44.649  INFO 8180 --- [SpringApplicationShutdownHook] com.zaxxer.hikari.HikariDataSource       : HikariPool-1 - Shutdown completed.
2022-04-26 13:42:10.221  INFO 11572 --- [main] com.example.Music.MusicApplicationTests  : Starting MusicApplicationTests using Java 17.0.1 on XPXAAD-PF2GKQLC with PID 11572 (started by RaymondHarmer in C:\Users\RaymondHarmer\git\MusicSpring\Music)
2022-04-26 13:42:10.222  INFO 11572 --- [main] com.example.Music.MusicApplicationTests  : No active profile set, falling back to 1 default profile: "default"
2022-04-26 13:42:10.703  INFO 11572 --- [main] .s.d.r.c.RepositoryConfigurationDelegate : Bootstrapping Spring Data JPA repositories in DEFAULT mode.
2022-04-26 13:42:10.750  INFO 11572 --- [main] .s.d.r.c.RepositoryConfigurationDelegate : Finished Spring Data repository scanning in 41 ms. Found 1 JPA repository interfaces.
2022-04-26 13:42:11.206  INFO 11572 --- [main] o.hibernate.jpa.internal.util.LogHelper  : HHH000204: Processing PersistenceUnitInfo [name: default]
2022-04-26 13:42:11.257  INFO 11572 --- [main] org.hibernate.Version                    : HHH000412: Hibernate ORM core version 5.6.8.Final
2022-04-26 13:42:11.391  INFO 11572 --- [main] o.hibernate.annotations.common.Version   : HCANN000001: Hibernate Commons Annotations {5.1.2.Final}
2022-04-26 13:42:11.526  INFO 11572 --- [main] com.zaxxer.hikari.HikariDataSource       : HikariPool-1 - Starting...
2022-04-26 13:42:11.531  WARN 11572 --- [main] com.zaxxer.hikari.util.DriverDataSource  : Registered driver with driverClassName=com.mysql.jdbc.Driver was not found, trying direct instantiation.
2022-04-26 13:42:11.836  INFO 11572 --- [main] com.zaxxer.hikari.HikariDataSource       : HikariPool-1 - Start completed.
2022-04-26 13:42:11.851  INFO 11572 --- [main] org.hibernate.dialect.Dialect            : HHH000400: Using dialect: org.hibernate.dialect.MySQL5InnoDBDialect
2022-04-26 13:42:12.369  INFO 11572 --- [main] o.h.e.t.j.p.i.JtaPlatformInitiator       : HHH000490: Using JtaPlatform implementation: [org.hibernate.engine.transaction.jta.platform.internal.NoJtaPlatform]
2022-04-26 13:42:12.376  INFO 11572 --- [main] j.LocalContainerEntityManagerFactoryBean : Initialized JPA EntityManagerFactory for persistence unit 'default'
2022-04-26 13:42:12.828  WARN 11572 --- [main] JpaBaseConfiguration$JpaWebConfiguration : spring.jpa.open-in-view is enabled by default. Therefore, database queries may be performed during view rendering. Explicitly configure spring.jpa.open-in-view to disable this warning
2022-04-26 13:42:13.377  INFO 11572 --- [main] com.example.Music.MusicApplicationTests  : Started MusicApplicationTests in 3.481 seconds (JVM running for 4.321)
2022-04-26 13:42:13.720  INFO 11572 --- [SpringApplicationShutdownHook] j.LocalContainerEntityManagerFactoryBean : Closing JPA EntityManagerFactory for persistence unit 'default'
2022-04-26 13:42:13.721  INFO 11572 --- [SpringApplicationShutdownHook] com.zaxxer.hikari.HikariDataSource       : HikariPool-1 - Shutdown initiated...
2022-04-26 13:42:13.733  INFO 11572 --- [SpringApplicationShutdownHook] com.zaxxer.hikari.HikariDataSource       : HikariPool-1 - Shutdown completed.
2022-04-26 13:45:12.282  INFO 23252 --- [main] com.example.Music.MusicApplicationTests  : Starting MusicApplicationTests using Java 17.0.1 on XPXAAD-PF2GKQLC with PID 23252 (started by RaymondHarmer in C:\Users\RaymondHarmer\git\MusicSpring\Music)
2022-04-26 13:45:12.283  INFO 23252 --- [main] com.example.Music.MusicApplicationTests  : No active profile set, falling back to 1 default profile: "default"
2022-04-26 13:45:12.699  INFO 23252 --- [main] .s.d.r.c.RepositoryConfigurationDelegate : Bootstrapping Spring Data JPA repositories in DEFAULT mode.
2022-04-26 13:45:12.740  INFO 23252 --- [main] .s.d.r.c.RepositoryConfigurationDelegate : Finished Spring Data repository scanning in 35 ms. Found 1 JPA repository interfaces.
2022-04-26 13:45:13.161  INFO 23252 --- [main] o.hibernate.jpa.internal.util.LogHelper  : HHH000204: Processing PersistenceUnitInfo [name: default]
2022-04-26 13:45:13.216  INFO 23252 --- [main] org.hibernate.Version                    : HHH000412: Hibernate ORM core version 5.6.8.Final
2022-04-26 13:45:13.360  INFO 23252 --- [main] o.hibernate.annotations.common.Version   : HCANN000001: Hibernate Commons Annotations {5.1.2.Final}
2022-04-26 13:45:13.491  INFO 23252 --- [main] com.zaxxer.hikari.HikariDataSource       : HikariPool-1 - Starting...
2022-04-26 13:45:13.495  WARN 23252 --- [main] com.zaxxer.hikari.util.DriverDataSource  : Registered driver with driverClassName=com.mysql.jdbc.Driver was not found, trying direct instantiation.
2022-04-26 13:45:13.753  INFO 23252 --- [main] com.zaxxer.hikari.HikariDataSource       : HikariPool-1 - Start completed.
2022-04-26 13:45:13.764  INFO 23252 --- [main] org.hibernate.dialect.Dialect            : HHH000400: Using dialect: org.hibernate.dialect.MySQL5InnoDBDialect
2022-04-26 13:45:14.252  INFO 23252 --- [main] o.h.e.t.j.p.i.JtaPlatformInitiator       : HHH000490: Using JtaPlatform implementation: [org.hibernate.engine.transaction.jta.platform.internal.NoJtaPlatform]
2022-04-26 13:45:14.258  INFO 23252 --- [main] j.LocalContainerEntityManagerFactoryBean : Initialized JPA EntityManagerFactory for persistence unit 'default'
2022-04-26 13:45:14.635  WARN 23252 --- [main] JpaBaseConfiguration$JpaWebConfiguration : spring.jpa.open-in-view is enabled by default. Therefore, database queries may be performed during view rendering. Explicitly configure spring.jpa.open-in-view to disable this warning
2022-04-26 13:45:15.127  INFO 23252 --- [main] com.example.Music.MusicApplicationTests  : Started MusicApplicationTests in 3.081 seconds (JVM running for 3.837)
2022-04-26 13:45:15.416  INFO 23252 --- [SpringApplicationShutdownHook] j.LocalContainerEntityManagerFactoryBean : Closing JPA EntityManagerFactory for persistence unit 'default'
2022-04-26 13:45:15.418  INFO 23252 --- [SpringApplicationShutdownHook] com.zaxxer.hikari.HikariDataSource       : HikariPool-1 - Shutdown initiated...
2022-04-26 13:45:15.427  INFO 23252 --- [SpringApplicationShutdownHook] com.zaxxer.hikari.HikariDataSource       : HikariPool-1 - Shutdown completed.
2022-04-26 14:02:00.000  INFO 24744 --- [main] com.example.Music.MusicApplicationTests  : Starting MusicApplicationTests using Java 17.0.1 on XPXAAD-PF2GKQLC with PID 24744 (started by RaymondHarmer in C:\Users\RaymondHarmer\git\MusicSpring\Music)
2022-04-26 14:02:00.002  INFO 24744 --- [main] com.example.Music.MusicApplicationTests  : No active profile set, falling back to 1 default profile: "default"
2022-04-26 14:02:00.418  INFO 24744 --- [main] .s.d.r.c.RepositoryConfigurationDelegate : Bootstrapping Spring Data JPA repositories in DEFAULT mode.
2022-04-26 14:02:00.456  INFO 24744 --- [main] .s.d.r.c.RepositoryConfigurationDelegate : Finished Spring Data repository scanning in 32 ms. Found 1 JPA repository interfaces.
2022-04-26 14:02:00.867  INFO 24744 --- [main] o.hibernate.jpa.internal.util.LogHelper  : HHH000204: Processing PersistenceUnitInfo [name: default]
2022-04-26 14:02:00.912  INFO 24744 --- [main] org.hibernate.Version                    : HHH000412: Hibernate ORM core version 5.6.8.Final
2022-04-26 14:02:01.032  INFO 24744 --- [main] o.hibernate.annotations.common.Version   : HCANN000001: Hibernate Commons Annotations {5.1.2.Final}
2022-04-26 14:02:01.166  INFO 24744 --- [main] com.zaxxer.hikari.HikariDataSource       : HikariPool-1 - Starting...
2022-04-26 14:02:01.171  WARN 24744 --- [main] com.zaxxer.hikari.util.DriverDataSource  : Registered driver with driverClassName=com.mysql.jdbc.Driver was not found, trying direct instantiation.
2022-04-26 14:02:01.434  INFO 24744 --- [main] com.zaxxer.hikari.HikariDataSource       : HikariPool-1 - Start completed.
2022-04-26 14:02:01.444  INFO 24744 --- [main] org.hibernate.dialect.Dialect            : HHH000400: Using dialect: org.hibernate.dialect.MySQL5InnoDBDialect
2022-04-26 14:02:01.915  INFO 24744 --- [main] o.h.e.t.j.p.i.JtaPlatformInitiator       : HHH000490: Using JtaPlatform implementation: [org.hibernate.engine.transaction.jta.platform.internal.NoJtaPlatform]
2022-04-26 14:02:01.924  INFO 24744 --- [main] j.LocalContainerEntityManagerFactoryBean : Initialized JPA EntityManagerFactory for persistence unit 'default'
2022-04-26 14:02:02.311  WARN 24744 --- [main] JpaBaseConfiguration$JpaWebConfiguration : spring.jpa.open-in-view is enabled by default. Therefore, database queries may be performed during view rendering. Explicitly configure spring.jpa.open-in-view to disable this warning
2022-04-26 14:02:02.769  INFO 24744 --- [main] com.example.Music.MusicApplicationTests  : Started MusicApplicationTests in 2.997 seconds (JVM running for 3.792)
2022-04-26 14:02:03.157  INFO 24744 --- [SpringApplicationShutdownHook] j.LocalContainerEntityManagerFactoryBean : Closing JPA EntityManagerFactory for persistence unit 'default'
2022-04-26 14:02:03.160  INFO 24744 --- [SpringApplicationShutdownHook] com.zaxxer.hikari.HikariDataSource       : HikariPool-1 - Shutdown initiated...
2022-04-26 14:02:03.166  INFO 24744 --- [SpringApplicationShutdownHook] com.zaxxer.hikari.HikariDataSource       : HikariPool-1 - Shutdown completed.
2022-04-26 14:03:17.700  INFO 25948 --- [main] com.example.Music.MusicApplicationTests  : Starting MusicApplicationTests using Java 17.0.1 on XPXAAD-PF2GKQLC with PID 25948 (started by RaymondHarmer in C:\Users\RaymondHarmer\git\MusicSpring\Music)
2022-04-26 14:03:17.702  INFO 25948 --- [main] com.example.Music.MusicApplicationTests  : No active profile set, falling back to 1 default profile: "default"
2022-04-26 14:03:18.199  INFO 25948 --- [main] .s.d.r.c.RepositoryConfigurationDelegate : Bootstrapping Spring Data JPA repositories in DEFAULT mode.
2022-04-26 14:03:18.264  INFO 25948 --- [main] .s.d.r.c.RepositoryConfigurationDelegate : Finished Spring Data repository scanning in 54 ms. Found 1 JPA repository interfaces.
2022-04-26 14:03:18.894  INFO 25948 --- [main] o.hibernate.jpa.internal.util.LogHelper  : HHH000204: Processing PersistenceUnitInfo [name: default]
2022-04-26 14:03:18.965  INFO 25948 --- [main] org.hibernate.Version                    : HHH000412: Hibernate ORM core version 5.6.8.Final
2022-04-26 14:03:19.121  INFO 25948 --- [main] o.hibernate.annotations.common.Version   : HCANN000001: Hibernate Commons Annotations {5.1.2.Final}
2022-04-26 14:03:19.451  INFO 25948 --- [main] com.zaxxer.hikari.HikariDataSource       : HikariPool-1 - Starting...
2022-04-26 14:03:19.456  WARN 25948 --- [main] com.zaxxer.hikari.util.DriverDataSource  : Registered driver with driverClassName=com.mysql.jdbc.Driver was not found, trying direct instantiation.
2022-04-26 14:03:19.721  INFO 25948 --- [main] com.zaxxer.hikari.HikariDataSource       : HikariPool-1 - Start completed.
2022-04-26 14:03:19.736  INFO 25948 --- [main] org.hibernate.dialect.Dialect            : HHH000400: Using dialect: org.hibernate.dialect.MySQL5InnoDBDialect
2022-04-26 14:03:20.571  INFO 25948 --- [main] o.h.e.t.j.p.i.JtaPlatformInitiator       : HHH000490: Using JtaPlatform implementation: [org.hibernate.engine.transaction.jta.platform.internal.NoJtaPlatform]
2022-04-26 14:03:20.582  INFO 25948 --- [main] j.LocalContainerEntityManagerFactoryBean : Initialized JPA EntityManagerFactory for persistence unit 'default'
2022-04-26 14:03:21.272  WARN 25948 --- [main] JpaBaseConfiguration$JpaWebConfiguration : spring.jpa.open-in-view is enabled by default. Therefore, database queries may be performed during view rendering. Explicitly configure spring.jpa.open-in-view to disable this warning
2022-04-26 14:03:22.098  INFO 25948 --- [main] com.example.Music.MusicApplicationTests  : Started MusicApplicationTests in 4.644 seconds (JVM running for 5.442)
2022-04-26 14:03:22.642  INFO 25948 --- [SpringApplicationShutdownHook] j.LocalContainerEntityManagerFactoryBean : Closing JPA EntityManagerFactory for persistence unit 'default'
2022-04-26 14:03:22.643  INFO 25948 --- [SpringApplicationShutdownHook] com.zaxxer.hikari.HikariDataSource       : HikariPool-1 - Shutdown initiated...
2022-04-26 14:03:22.653  INFO 25948 --- [SpringApplicationShutdownHook] com.zaxxer.hikari.HikariDataSource       : HikariPool-1 - Shutdown completed.
2022-04-26 14:08:43.623  INFO 5548 --- [main] com.example.Music.MusicApplicationTests  : Starting MusicApplicationTests using Java 17.0.1 on XPXAAD-PF2GKQLC with PID 5548 (started by RaymondHarmer in C:\Users\RaymondHarmer\git\MusicSpring\Music)
2022-04-26 14:08:43.624  INFO 5548 --- [main] com.example.Music.MusicApplicationTests  : No active profile set, falling back to 1 default profile: "default"
2022-04-26 14:08:44.053  INFO 5548 --- [main] .s.d.r.c.RepositoryConfigurationDelegate : Bootstrapping Spring Data JPA repositories in DEFAULT mode.
2022-04-26 14:08:44.092  INFO 5548 --- [main] .s.d.r.c.RepositoryConfigurationDelegate : Finished Spring Data repository scanning in 34 ms. Found 1 JPA repository interfaces.
2022-04-26 14:08:44.525  INFO 5548 --- [main] o.hibernate.jpa.internal.util.LogHelper  : HHH000204: Processing PersistenceUnitInfo [name: default]
2022-04-26 14:08:44.570  INFO 5548 --- [main] org.hibernate.Version                    : HHH000412: Hibernate ORM core version 5.6.8.Final
2022-04-26 14:08:44.682  INFO 5548 --- [main] o.hibernate.annotations.common.Version   : HCANN000001: Hibernate Commons Annotations {5.1.2.Final}
2022-04-26 14:08:44.803  INFO 5548 --- [main] com.zaxxer.hikari.HikariDataSource       : HikariPool-1 - Starting...
2022-04-26 14:08:44.808  WARN 5548 --- [main] com.zaxxer.hikari.util.DriverDataSource  : Registered driver with driverClassName=com.mysql.jdbc.Driver was not found, trying direct instantiation.
2022-04-26 14:08:45.052  INFO 5548 --- [main] com.zaxxer.hikari.HikariDataSource       : HikariPool-1 - Start completed.
2022-04-26 14:08:45.065  INFO 5548 --- [main] org.hibernate.dialect.Dialect            : HHH000400: Using dialect: org.hibernate.dialect.MySQL5InnoDBDialect
2022-04-26 14:08:45.532  INFO 5548 --- [main] o.h.e.t.j.p.i.JtaPlatformInitiator       : HHH000490: Using JtaPlatform implementation: [org.hibernate.engine.transaction.jta.platform.internal.NoJtaPlatform]
2022-04-26 14:08:45.538  INFO 5548 --- [main] j.LocalContainerEntityManagerFactoryBean : Initialized JPA EntityManagerFactory for persistence unit 'default'
2022-04-26 14:08:45.922  WARN 5548 --- [main] JpaBaseConfiguration$JpaWebConfiguration : spring.jpa.open-in-view is enabled by default. Therefore, database queries may be performed during view rendering. Explicitly configure spring.jpa.open-in-view to disable this warning
2022-04-26 14:08:46.384  INFO 5548 --- [main] com.example.Music.MusicApplicationTests  : Started MusicApplicationTests in 2.991 seconds (JVM running for 3.907)
2022-04-26 14:08:46.732  INFO 5548 --- [SpringApplicationShutdownHook] j.LocalContainerEntityManagerFactoryBean : Closing JPA EntityManagerFactory for persistence unit 'default'
2022-04-26 14:08:46.734  INFO 5548 --- [SpringApplicationShutdownHook] com.zaxxer.hikari.HikariDataSource       : HikariPool-1 - Shutdown initiated...
2022-04-26 14:08:46.742  INFO 5548 --- [SpringApplicationShutdownHook] com.zaxxer.hikari.HikariDataSource       : HikariPool-1 - Shutdown completed.
2022-04-26 14:16:01.627  INFO 2588 --- [main] com.example.Music.MusicApplicationTests  : Starting MusicApplicationTests using Java 17.0.1 on XPXAAD-PF2GKQLC with PID 2588 (started by RaymondHarmer in C:\Users\RaymondHarmer\git\MusicSpring\Music)
2022-04-26 14:16:01.628  INFO 2588 --- [main] com.example.Music.MusicApplicationTests  : No active profile set, falling back to 1 default profile: "default"
2022-04-26 14:16:02.089  INFO 2588 --- [main] .s.d.r.c.RepositoryConfigurationDelegate : Bootstrapping Spring Data JPA repositories in DEFAULT mode.
2022-04-26 14:16:02.130  INFO 2588 --- [main] .s.d.r.c.RepositoryConfigurationDelegate : Finished Spring Data repository scanning in 35 ms. Found 1 JPA repository interfaces.
2022-04-26 14:16:02.650  INFO 2588 --- [main] o.hibernate.jpa.internal.util.LogHelper  : HHH000204: Processing PersistenceUnitInfo [name: default]
2022-04-26 14:16:02.688  INFO 2588 --- [main] org.hibernate.Version                    : HHH000412: Hibernate ORM core version 5.6.8.Final
2022-04-26 14:16:02.809  INFO 2588 --- [main] o.hibernate.annotations.common.Version   : HCANN000001: Hibernate Commons Annotations {5.1.2.Final}
2022-04-26 14:16:02.930  INFO 2588 --- [main] com.zaxxer.hikari.HikariDataSource       : HikariPool-1 - Starting...
2022-04-26 14:16:02.934  WARN 2588 --- [main] com.zaxxer.hikari.util.DriverDataSource  : Registered driver with driverClassName=com.mysql.jdbc.Driver was not found, trying direct instantiation.
2022-04-26 14:16:03.249  INFO 2588 --- [main] com.zaxxer.hikari.HikariDataSource       : HikariPool-1 - Start completed.
2022-04-26 14:16:03.266  INFO 2588 --- [main] org.hibernate.dialect.Dialect            : HHH000400: Using dialect: org.hibernate.dialect.MySQL5InnoDBDialect
2022-04-26 14:16:03.755  INFO 2588 --- [main] o.h.e.t.j.p.i.JtaPlatformInitiator       : HHH000490: Using JtaPlatform implementation: [org.hibernate.engine.transaction.jta.platform.internal.NoJtaPlatform]
2022-04-26 14:16:03.762  INFO 2588 --- [main] j.LocalContainerEntityManagerFactoryBean : Initialized JPA EntityManagerFactory for persistence unit 'default'
2022-04-26 14:16:04.177  WARN 2588 --- [main] JpaBaseConfiguration$JpaWebConfiguration : spring.jpa.open-in-view is enabled by default. Therefore, database queries may be performed during view rendering. Explicitly configure spring.jpa.open-in-view to disable this warning
2022-04-26 14:16:04.627  INFO 2588 --- [main] com.example.Music.MusicApplicationTests  : Started MusicApplicationTests in 3.224 seconds (JVM running for 4.121)
2022-04-26 14:16:04.993  INFO 2588 --- [SpringApplicationShutdownHook] j.LocalContainerEntityManagerFactoryBean : Closing JPA EntityManagerFactory for persistence unit 'default'
2022-04-26 14:16:04.996  INFO 2588 --- [SpringApplicationShutdownHook] com.zaxxer.hikari.HikariDataSource       : HikariPool-1 - Shutdown initiated...
2022-04-26 14:16:05.002  INFO 2588 --- [SpringApplicationShutdownHook] com.zaxxer.hikari.HikariDataSource       : HikariPool-1 - Shutdown completed.
2022-04-26 14:17:38.668  INFO 16248 --- [main] com.example.Music.MusicApplicationTests  : Starting MusicApplicationTests using Java 17.0.1 on XPXAAD-PF2GKQLC with PID 16248 (started by RaymondHarmer in C:\Users\RaymondHarmer\git\MusicSpring\Music)
2022-04-26 14:17:38.669  INFO 16248 --- [main] com.example.Music.MusicApplicationTests  : No active profile set, falling back to 1 default profile: "default"
2022-04-26 14:17:39.110  INFO 16248 --- [main] .s.d.r.c.RepositoryConfigurationDelegate : Bootstrapping Spring Data JPA repositories in DEFAULT mode.
2022-04-26 14:17:39.156  INFO 16248 --- [main] .s.d.r.c.RepositoryConfigurationDelegate : Finished Spring Data repository scanning in 40 ms. Found 1 JPA repository interfaces.
2022-04-26 14:17:39.578  INFO 16248 --- [main] o.hibernate.jpa.internal.util.LogHelper  : HHH000204: Processing PersistenceUnitInfo [name: default]
2022-04-26 14:17:39.617  INFO 16248 --- [main] org.hibernate.Version                    : HHH000412: Hibernate ORM core version 5.6.8.Final
2022-04-26 14:17:39.737  INFO 16248 --- [main] o.hibernate.annotations.common.Version   : HCANN000001: Hibernate Commons Annotations {5.1.2.Final}
2022-04-26 14:17:39.854  INFO 16248 --- [main] com.zaxxer.hikari.HikariDataSource       : HikariPool-1 - Starting...
2022-04-26 14:17:39.859  WARN 16248 --- [main] com.zaxxer.hikari.util.DriverDataSource  : Registered driver with driverClassName=com.mysql.jdbc.Driver was not found, trying direct instantiation.
2022-04-26 14:17:40.108  INFO 16248 --- [main] com.zaxxer.hikari.HikariDataSource       : HikariPool-1 - Start completed.
2022-04-26 14:17:40.119  INFO 16248 --- [main] org.hibernate.dialect.Dialect            : HHH000400: Using dialect: org.hibernate.dialect.MySQL5InnoDBDialect
2022-04-26 14:17:40.604  INFO 16248 --- [main] o.h.e.t.j.p.i.JtaPlatformInitiator       : HHH000490: Using JtaPlatform implementation: [org.hibernate.engine.transaction.jta.platform.internal.NoJtaPlatform]
2022-04-26 14:17:40.610  INFO 16248 --- [main] j.LocalContainerEntityManagerFactoryBean : Initialized JPA EntityManagerFactory for persistence unit 'default'
2022-04-26 14:17:41.010  WARN 16248 --- [main] JpaBaseConfiguration$JpaWebConfiguration : spring.jpa.open-in-view is enabled by default. Therefore, database queries may be performed during view rendering. Explicitly configure spring.jpa.open-in-view to disable this warning
2022-04-26 14:17:41.490  INFO 16248 --- [main] com.example.Music.MusicApplicationTests  : Started MusicApplicationTests in 3.052 seconds (JVM running for 3.983)
2022-04-26 14:17:41.845  INFO 16248 --- [SpringApplicationShutdownHook] j.LocalContainerEntityManagerFactoryBean : Closing JPA EntityManagerFactory for persistence unit 'default'
2022-04-26 14:17:41.847  INFO 16248 --- [SpringApplicationShutdownHook] com.zaxxer.hikari.HikariDataSource       : HikariPool-1 - Shutdown initiated...
2022-04-26 14:17:41.853  INFO 16248 --- [SpringApplicationShutdownHook] com.zaxxer.hikari.HikariDataSource       : HikariPool-1 - Shutdown completed.
